<?xml version="1.0" encoding="UTF-8"?>
<!-- Generated by org.testng.reporters.JUnitReportReporter -->
<testsuite hostname="0797-VSMSDN12" failures="1" tests="1" name="DeploySmokeTestOnChrome.TC0001a_Visiallpages" time="62.547" errors="0" timestamp="2025-01-24T19:39:45 IST" skipped="0">
  <testcase classname="DeploySmokeTestOnChrome.TC0001a_Visiallpages" name="visitpages" time="62.547">
    <failure message="The following asserts failed:
	Error interacting with page. element click intercepted: Element &lt;li class=&quot;nav-item dropdown&quot;&gt;...&lt;/li&gt; is not clickable at point (80, 105). Other element would receive the click: &lt;div id=&quot;dvBSpopup&quot; class=&quot;modal fade show&quot; aria-modal=&quot;true&quot; style=&quot;display: block;&quot;&gt;...&lt;/div&gt;
  (Session info: chrome=132.0.6834.83)
Build info: version: &#039;4.25.0&#039;, revision: &#039;8a8aea2337&#039;
System info: os.name: &#039;Windows 10&#039;, os.arch: &#039;amd64&#039;, os.version: &#039;10.0&#039;, java.version: &#039;21.0.2&#039;
Driver info: org.openqa.selenium.chrome.ChromeDriver
Command: [b0a17c4734712a2fbe2eb5cf77849f45, clickElement {id=f.7482878BB68245D09C7FD35BA2F074A9.d.A9D5E3D79FD2E8E5ED92A3BD9B4BC15F.e.3903}]
Capabilities {acceptInsecureCerts: false, browserName: chrome, browserVersion: 132.0.6834.83, chrome: {chromedriverVersion: 132.0.6834.110 (df453a35f09..., userDataDir: C:\Users\Admin\AppData\Loca...}, fedcm:accounts: true, goog:chromeOptions: {debuggerAddress: localhost:59643}, networkConnectionEnabled: false, pageLoadStrategy: normal, platformName: windows, proxy: Proxy(), se:cdp: ws://localhost:59643/devtoo..., se:cdpVersion: 132.0.6834.83, setWindowRect: true, strictFileInteractability: false, timeouts: {implicit: 0, pageLoad: 300000, script: 30000}, unhandledPromptBehavior: dismiss and notify, webauthn:extension:credBlob: true, webauthn:extension:largeBlob: true, webauthn:extension:minPinLength: true, webauthn:extension:prf: true, webauthn:virtualAuthenticators: true}
Element: [[ChromeDriver: chrome on windows (b0a17c4734712a2fbe2eb5cf77849f45)] -&gt; xpath: //ul[@id=&#039;navFDMainMenu&#039;]//li]
Session ID: b0a17c4734712a2fbe2eb5cf77849f45,
	Test failed with error: element click intercepted: Element &lt;li class=&quot;nav-item dropdown&quot;&gt;...&lt;/li&gt; is not clickable at point (217, 105). Other element would receive the click: &lt;div class=&quot;col-12 gray-row-left-common&quot;&gt;...&lt;/div&gt;
  (Session info: chrome=132.0.6834.83)
Build info: version: &#039;4.25.0&#039;, revision: &#039;8a8aea2337&#039;
System info: os.name: &#039;Windows 10&#039;, os.arch: &#039;amd64&#039;, os.version: &#039;10.0&#039;, java.version: &#039;21.0.2&#039;
Driver info: org.openqa.selenium.chrome.ChromeDriver
Command: [b0a17c4734712a2fbe2eb5cf77849f45, clickElement {id=f.7482878BB68245D09C7FD35BA2F074A9.d.A9D5E3D79FD2E8E5ED92A3BD9B4BC15F.e.3904}]
Capabilities {acceptInsecureCerts: false, browserName: chrome, browserVersion: 132.0.6834.83, chrome: {chromedriverVersion: 132.0.6834.110 (df453a35f09..., userDataDir: C:\Users\Admin\AppData\Loca...}, fedcm:accounts: true, goog:chromeOptions: {debuggerAddress: localhost:59643}, networkConnectionEnabled: false, pageLoadStrategy: normal, platformName: windows, proxy: Proxy(), se:cdp: ws://localhost:59643/devtoo..., se:cdpVersion: 132.0.6834.83, setWindowRect: true, strictFileInteractability: false, timeouts: {implicit: 0, pageLoad: 300000, script: 30000}, unhandledPromptBehavior: dismiss and notify, webauthn:extension:credBlob: true, webauthn:extension:largeBlob: true, webauthn:extension:minPinLength: true, webauthn:extension:prf: true, webauthn:virtualAuthenticators: true}
Element: [[ChromeDriver: chrome on windows (b0a17c4734712a2fbe2eb5cf77849f45)] -&gt; xpath: //ul[@id=&#039;navFDMainMenu&#039;]//li]
Session ID: b0a17c4734712a2fbe2eb5cf77849f45" type="java.lang.AssertionError">
      <![CDATA[java.lang.AssertionError: The following asserts failed:
Error interacting with page. element click intercepted: Element <li class="nav-item dropdown">...</li> is not clickable at point (80, 105). Other element would receive the click: <div id="dvBSpopup" class="modal fade show" aria-modal="true" style="display: block;">...</div>
  (Session info: chrome=132.0.6834.83)
Build info: version: '4.25.0', revision: '8a8aea2337'
System info: os.name: 'Windows 10', os.arch: 'amd64', os.version: '10.0', java.version: '21.0.2'
Driver info: org.openqa.selenium.chrome.ChromeDriver
Command: [b0a17c4734712a2fbe2eb5cf77849f45, clickElement {id=f.7482878BB68245D09C7FD35BA2F074A9.d.A9D5E3D79FD2E8E5ED92A3BD9B4BC15F.e.3903}]
Capabilities {acceptInsecureCerts: false, browserName: chrome, browserVersion: 132.0.6834.83, chrome: {chromedriverVersion: 132.0.6834.110 (df453a35f09..., userDataDir: C:\Users\Admin\AppData\Loca...}, fedcm:accounts: true, goog:chromeOptions: {debuggerAddress: localhost:59643}, networkConnectionEnabled: false, pageLoadStrategy: normal, platformName: windows, proxy: Proxy(), se:cdp: ws://localhost:59643/devtoo..., se:cdpVersion: 132.0.6834.83, setWindowRect: true, strictFileInteractability: false, timeouts: {implicit: 0, pageLoad: 300000, script: 30000}, unhandledPromptBehavior: dismiss and notify, webauthn:extension:credBlob: true, webauthn:extension:largeBlob: true, webauthn:extension:minPinLength: true, webauthn:extension:prf: true, webauthn:virtualAuthenticators: true}
Element: [[ChromeDriver: chrome on windows (b0a17c4734712a2fbe2eb5cf77849f45)] -> xpath: //ul[@id='navFDMainMenu']//li]
Session ID: b0a17c4734712a2fbe2eb5cf77849f45,
Test failed with error: element click intercepted: Element <li class="nav-item dropdown">...</li> is not clickable at point (217, 105). Other element would receive the click: <div class="col-12 gray-row-left-common">...</div>
  (Session info: chrome=132.0.6834.83)
Build info: version: '4.25.0', revision: '8a8aea2337'
System info: os.name: 'Windows 10', os.arch: 'amd64', os.version: '10.0', java.version: '21.0.2'
Driver info: org.openqa.selenium.chrome.ChromeDriver
Command: [b0a17c4734712a2fbe2eb5cf77849f45, clickElement {id=f.7482878BB68245D09C7FD35BA2F074A9.d.A9D5E3D79FD2E8E5ED92A3BD9B4BC15F.e.3904}]
Capabilities {acceptInsecureCerts: false, browserName: chrome, browserVersion: 132.0.6834.83, chrome: {chromedriverVersion: 132.0.6834.110 (df453a35f09..., userDataDir: C:\Users\Admin\AppData\Loca...}, fedcm:accounts: true, goog:chromeOptions: {debuggerAddress: localhost:59643}, networkConnectionEnabled: false, pageLoadStrategy: normal, platformName: windows, proxy: Proxy(), se:cdp: ws://localhost:59643/devtoo..., se:cdpVersion: 132.0.6834.83, setWindowRect: true, strictFileInteractability: false, timeouts: {implicit: 0, pageLoad: 300000, script: 30000}, unhandledPromptBehavior: dismiss and notify, webauthn:extension:credBlob: true, webauthn:extension:largeBlob: true, webauthn:extension:minPinLength: true, webauthn:extension:prf: true, webauthn:virtualAuthenticators: true}
Element: [[ChromeDriver: chrome on windows (b0a17c4734712a2fbe2eb5cf77849f45)] -> xpath: //ul[@id='navFDMainMenu']//li]
Session ID: b0a17c4734712a2fbe2eb5cf77849f45
at org.testng.asserts.SoftAssert.assertAll(SoftAssert.java:46)
at org.testng.asserts.SoftAssert.assertAll(SoftAssert.java:30)
at DeploySmokeTestOnChrome.TC0001a_Visiallpages.visitpages(TC0001a_Visiallpages.java:187)
at java.base/jdk.internal.reflect.DirectMethodHandleAccessor.invoke(DirectMethodHandleAccessor.java:103)
at java.base/java.lang.reflect.Method.invoke(Method.java:580)
at org.testng.internal.invokers.MethodInvocationHelper.invokeMethod(MethodInvocationHelper.java:141)
at org.testng.internal.invokers.TestInvoker.invokeMethod(TestInvoker.java:686)
at org.testng.internal.invokers.TestInvoker.invokeTestMethod(TestInvoker.java:230)
at org.testng.internal.invokers.MethodRunner.runInSequence(MethodRunner.java:63)
at org.testng.internal.invokers.TestInvoker$MethodInvocationAgent.invoke(TestInvoker.java:992)
at org.testng.internal.invokers.TestInvoker.invokeTestMethods(TestInvoker.java:203)
at org.testng.internal.invokers.TestMethodWorker.invokeTestMethods(TestMethodWorker.java:154)
at org.testng.internal.invokers.TestMethodWorker.run(TestMethodWorker.java:134)
at java.base/java.util.ArrayList.forEach(ArrayList.java:1596)
at org.testng.TestRunner.privateRun(TestRunner.java:739)
at org.testng.TestRunner.run(TestRunner.java:614)
at org.testng.SuiteRunner.runTest(SuiteRunner.java:421)
at org.testng.SuiteRunner$SuiteWorker.run(SuiteRunner.java:463)
at org.testng.internal.thread.ThreadUtil.lambda$execute$0(ThreadUtil.java:64)
at java.base/java.util.concurrent.FutureTask.run(FutureTask.java:317)
at java.base/java.util.concurrent.ThreadPoolExecutor.runWorker(ThreadPoolExecutor.java:1144)
at java.base/java.util.concurrent.ThreadPoolExecutor$Worker.run(ThreadPoolExecutor.java:642)
at java.base/java.lang.Thread.run(Thread.java:1583)
]]>
    </failure>
  </testcase> <!-- visitpages -->
</testsuite> <!-- DeploySmokeTestOnChrome.TC0001a_Visiallpages -->
