<?xml version="1.0" encoding="UTF-8"?>
<!-- Generated by org.testng.reporters.JUnitXMLReporter -->
<testsuite ignored="2" hostname="0797-VSMSDN12" failures="1" tests="2" name="ChromeTest" time="44.859" errors="0" timestamp="2025-03-10T13:12:53 IST">
  <testcase classname="DeploySmokeTestOnChrome.TC0001_Login" name="VerifyLoginWorksAsExpected" time="22.33"/>
  <testcase classname="DeploySmokeTestOnChrome.TC0004_Assigntag" name="assigntag" time="9.537">
    <failure type="org.openqa.selenium.ElementClickInterceptedException" message="element click intercepted: Element &amp;lt;button class=&amp;quot;btn btnWhite customAppButton&amp;quot; type=&amp;quot;button&amp;quot; data-dismiss=&amp;quot;modal&amp;quot;&amp;gt;...&amp;lt;/button&amp;gt; is not clickable at point (1443, 683). Other element would receive the click: &amp;lt;div id=&amp;quot;dvCreateNewTagPopup&amp;quot; class=&amp;quot;modal fade show&amp;quot; style=&amp;quot;z-index: 1100; display: block;&amp;quot; data-backdrop=&amp;quot;static&amp;quot; aria-modal=&amp;quot;true&amp;quot;&amp;gt;...&amp;lt;/div&amp;gt;
  (Session info: chrome=133.0.6943.142)
Build info: version: &amp;apos;4.25.0&amp;apos;, revision: &amp;apos;8a8aea2337&amp;apos;
System info: os.name: &amp;apos;Windows 10&amp;apos;, os.arch: &amp;apos;amd64&amp;apos;, os.version: &amp;apos;10.0&amp;apos;, java.version: &amp;apos;21.0.2&amp;apos;
Driver info: org.openqa.selenium.chrome.ChromeDriver
Command: [c03cdc87a0fb63f8a70582c9c9142849, clickElement {id=f.9BE256BC3EDEC21EE533CD6233814388.d.1BBE686FB6466557143822D7F290C717.e.525}]
Capabilities {acceptInsecureCerts: false, browserName: chrome, browserVersion: 133.0.6943.142, chrome: {chromedriverVersion: 133.0.6943.141 (2a5d6da0d61..., userDataDir: C:\Users\Admin\AppData\Loca...}, fedcm:accounts: true, goog:chromeOptions: {debuggerAddress: localhost:59418}, networkConnectionEnabled: false, pageLoadStrategy: normal, platformName: windows, proxy: Proxy(), se:cdp: ws://localhost:59418/devtoo..., se:cdpVersion: 133.0.6943.142, setWindowRect: true, strictFileInteractability: false, timeouts: {implicit: 0, pageLoad: 300000, script: 30000}, unhandledPromptBehavior: dismiss and notify, webauthn:extension:credBlob: true, webauthn:extension:largeBlob: true, webauthn:extension:minPinLength: true, webauthn:extension:prf: true, webauthn:virtualAuthenticators: true}
Element: [[ChromeDriver: chrome on windows (c03cdc87a0fb63f8a70582c9c9142849)] -&amp;gt; xpath: //button[text()=&amp;apos;Done&amp;apos;]]
Session ID: c03cdc87a0fb63f8a70582c9c9142849">
      <![CDATA[org.openqa.selenium.ElementClickInterceptedException: element click intercepted: Element <button class="btn btnWhite customAppButton" type="button" data-dismiss="modal">...</button> is not clickable at point (1443, 683). Other element would receive the click: <div id="dvCreateNewTagPopup" class="modal fade show" style="z-index: 1100; display: block;" data-backdrop="static" aria-modal="true">...</div>
  (Session info: chrome=133.0.6943.142)
Build info: version: '4.25.0', revision: '8a8aea2337'
System info: os.name: 'Windows 10', os.arch: 'amd64', os.version: '10.0', java.version: '21.0.2'
Driver info: org.openqa.selenium.chrome.ChromeDriver
Command: [c03cdc87a0fb63f8a70582c9c9142849, clickElement {id=f.9BE256BC3EDEC21EE533CD6233814388.d.1BBE686FB6466557143822D7F290C717.e.525}]
Capabilities {acceptInsecureCerts: false, browserName: chrome, browserVersion: 133.0.6943.142, chrome: {chromedriverVersion: 133.0.6943.141 (2a5d6da0d61..., userDataDir: C:\Users\Admin\AppData\Loca...}, fedcm:accounts: true, goog:chromeOptions: {debuggerAddress: localhost:59418}, networkConnectionEnabled: false, pageLoadStrategy: normal, platformName: windows, proxy: Proxy(), se:cdp: ws://localhost:59418/devtoo..., se:cdpVersion: 133.0.6943.142, setWindowRect: true, strictFileInteractability: false, timeouts: {implicit: 0, pageLoad: 300000, script: 30000}, unhandledPromptBehavior: dismiss and notify, webauthn:extension:credBlob: true, webauthn:extension:largeBlob: true, webauthn:extension:minPinLength: true, webauthn:extension:prf: true, webauthn:virtualAuthenticators: true}
Element: [[ChromeDriver: chrome on windows (c03cdc87a0fb63f8a70582c9c9142849)] -> xpath: //button[text()='Done']]
Session ID: c03cdc87a0fb63f8a70582c9c9142849
at org.openqa.selenium.remote.ErrorCodec.decode(ErrorCodec.java:167)
at org.openqa.selenium.remote.codec.w3c.W3CHttpResponseCodec.decode(W3CHttpResponseCodec.java:138)
at org.openqa.selenium.remote.codec.w3c.W3CHttpResponseCodec.decode(W3CHttpResponseCodec.java:50)
at org.openqa.selenium.remote.HttpCommandExecutor.execute(HttpCommandExecutor.java:190)
at org.openqa.selenium.remote.service.DriverCommandExecutor.invokeExecute(DriverCommandExecutor.java:216)
at org.openqa.selenium.remote.service.DriverCommandExecutor.execute(DriverCommandExecutor.java:174)
at org.openqa.selenium.remote.RemoteWebDriver.execute(RemoteWebDriver.java:545)
at org.openqa.selenium.remote.RemoteWebElement.execute(RemoteWebElement.java:223)
at org.openqa.selenium.remote.RemoteWebElement.click(RemoteWebElement.java:76)
at DeploySmokeTestOnChrome.TC0004_Assigntag.assigntag(TC0004_Assigntag.java:53)
at java.base/java.util.ArrayList.forEach(ArrayList.java:1596)
at java.base/java.util.concurrent.FutureTask.run(FutureTask.java:317)
at java.base/java.util.concurrent.ThreadPoolExecutor.runWorker(ThreadPoolExecutor.java:1144)
at java.base/java.util.concurrent.ThreadPoolExecutor$Worker.run(ThreadPoolExecutor.java:642)
at java.base/java.lang.Thread.run(Thread.java:1583)
... Removed 18 stack frames]]>
    </failure>
  </testcase> <!-- assigntag -->
  <testcase classname="BaseClasses.SetupDriver" name="@BeforeTest setUpDriver" time="0.0">
    <ignored/>
  </testcase> <!-- @BeforeTest setUpDriver -->
  <testcase classname="BaseClasses.SetupDriver" name="@AfterTest tearDown" time="0.0">
    <ignored/>
  </testcase> <!-- @AfterTest tearDown -->
</testsuite> <!-- ChromeTest -->
